# JRE version: Java(TM) SE Runtime Environment (12.0.1+12) (build 12.0.1+12)
# Java VM: Java HotSpot(TM) 64-Bit Server VM (12.0.1+12, mixed mode, sharing, tiered, compressed oops, g1 gc, windows-amd64)
Heap:
 garbage-first heap   total 71680K, used 43589K [0x00000000c1c00000, 0x0000000100000000)
  region size 1024K, 22 young (22528K), 4 survivors (4096K)
 Metaspace       used 46639K, capacity 47808K, committed 47948K, reserved 1091584K
  class space    used 5967K, capacity 6403K, committed 6528K, reserved 1048576K
GC Heap History (10 events):
Event: 11.004 GC heap before
{Heap before GC invocations=17 (full 0):
 garbage-first heap   total 59392K, used 43779K [0x00000000c1c00000, 0x0000000100000000)
  region size 1024K, 25 young (25600K), 2 survivors (2048K)
 Metaspace       used 35253K, capacity 36223K, committed 36428K, reserved 1081344K
  class space    used 4376K, capacity 4722K, committed 4736K, reserved 1048576K
}
Event: 11.010 GC heap after
{Heap after GC invocations=18 (full 0):
 garbage-first heap   total 59392K, used 21536K [0x00000000c1c00000, 0x0000000100000000)
  region size 1024K, 2 young (2048K), 2 survivors (2048K)
 Metaspace       used 35253K, capacity 36223K, committed 36428K, reserved 1081344K
  class space    used 4376K, capacity 4722K, committed 4736K, reserved 1048576K
}
Event: 11.753 GC heap before
{Heap before GC invocations=18 (full 0):
 garbage-first heap   total 59392K, used 46112K [0x00000000c1c00000, 0x0000000100000000)
  region size 1024K, 26 young (26624K), 2 survivors (2048K)
 Metaspace       used 36586K, capacity 37607K, committed 37964K, reserved 1083392K
  class space    used 4546K, capacity 4900K, committed 4992K, reserved 1048576K
}
Event: 11.761 GC heap after
{Heap after GC invocations=19 (full 0):
 garbage-first heap   total 59392K, used 22554K [0x00000000c1c00000, 0x0000000100000000)
  region size 1024K, 3 young (3072K), 3 survivors (3072K)
 Metaspace       used 36586K, capacity 37607K, committed 37964K, reserved 1083392K
  class space    used 4546K, capacity 4900K, committed 4992K, reserved 1048576K
}
Event: 12.263 GC heap before
{Heap before GC invocations=19 (full 0):
 garbage-first heap   total 59392K, used 46106K [0x00000000c1c00000, 0x0000000100000000)
  region size 1024K, 26 young (26624K), 3 survivors (3072K)
 Metaspace       used 39587K, capacity 40608K, committed 40652K, reserved 1085440K
  class space    used 4987K, capacity 5364K, committed 5376K, reserved 1048576K
}
Event: 12.272 GC heap after
{Heap after GC invocations=20 (full 0):
 garbage-first heap   total 71680K, used 23339K [0x00000000c1c00000, 0x0000000100000000)
  region size 1024K, 3 young (3072K), 3 survivors (3072K)
 Metaspace       used 39587K, capacity 40608K, committed 40652K, reserved 1085440K
  class space    used 4987K, capacity 5364K, committed 5376K, reserved 1048576K
}
Event: 12.792 GC heap before
{Heap before GC invocations=20 (full 0):
 garbage-first heap   total 71680K, used 53035K [0x00000000c1c00000, 0x0000000100000000)
  region size 1024K, 32 young (32768K), 3 survivors (3072K)
 Metaspace       used 42137K, capacity 43188K, committed 43468K, reserved 1087488K
  class space    used 5375K, capacity 5765K, committed 5888K, reserved 1048576K
}
Event: 12.802 GC heap after
{Heap after GC invocations=21 (full 0):
 garbage-first heap   total 71680K, used 24350K [0x00000000c1c00000, 0x0000000100000000)
  region size 1024K, 3 young (3072K), 3 survivors (3072K)
 Metaspace       used 42137K, capacity 43188K, committed 43468K, reserved 1087488K
  class space    used 5375K, capacity 5765K, committed 5888K, reserved 1048576K
}
Event: 13.472 GC heap before
{Heap before GC invocations=21 (full 0):
 garbage-first heap   total 71680K, used 55070K [0x00000000c1c00000, 0x0000000100000000)
  region size 1024K, 33 young (33792K), 3 survivors (3072K)
 Metaspace       used 44581K, capacity 45680K, committed 45772K, reserved 1089536K
  class space    used 5676K, capacity 6078K, committed 6144K, reserved 1048576K
}
Event: 13.481 GC heap after
{Heap after GC invocations=22 (full 0):
 garbage-first heap   total 71680K, used 26181K [0x00000000c1c00000, 0x0000000100000000)
  region size 1024K, 4 young (4096K), 4 survivors (4096K)
 Metaspace       used 44581K, capacity 45680K, committed 45772K, reserved 1089536K
  class space    used 5676K, capacity 6078K, committed 6144K, reserved 1048576K
}

